<!DOCTYPE html PUBLIC "-//W3C//DTD XHTML 1.1//EN" "https://www.w3.org/TR/xhtml11/DTD/xhtml11.dtd">
<html xmlns="https://www.w3.org/1999/xhtml">
<head>
<meta http-equiv="content-type" content="text/html; charset=UTF-8"/>
<title>TestNG Report</title>
<style type="text/css">table {margin-bottom:10px;border-collapse:collapse;empty-cells:show}th,td {border:1px solid #009;padding:.25em .5em}th {vertical-align:bottom}td {vertical-align:top}table a {font-weight:bold}.stripe td {background-color: #E6EBF9}.num {text-align:right}.passedodd td {background-color: #3F3}.passedeven td {background-color: #0A0}.skippedodd td {background-color: #DDD}.skippedeven td {background-color: #CCC}.failedodd td,.attn {background-color: #F33}.failedeven td,.stripe .attn {background-color: #D00}.stacktrace {white-space:pre;font-family:monospace}.totop {font-size:85%;text-align:center;border-bottom:2px solid #000}.invisible {display:none}</style>
</head>
<body>
<table>
<tr><th>Test</th><th># Passed</th><th># Skipped</th><th># Retried</th><th># Failed</th><th>Time (ms)</th><th>Included Groups</th><th>Excluded Groups</th></tr>
<tr><th colspan="8">PayMongo Technical Exam Suite</th></tr>
<tr><td><a href="#t0">Account Activation - Individual Business Type</a></td><td class="num">1</td><td class="num attn">10</td><td class="num">0</td><td class="num attn">1</td><td class="num">55,439</td><td></td><td></td></tr>
<tr class="stripe"><td><a href="#t1">Account Activation - Sole Proprietorship Business Type</a></td><td class="num">12</td><td class="num">0</td><td class="num">0</td><td class="num">0</td><td class="num">195,702</td><td></td><td></td></tr>
<tr><th>Total</th><th class="num">13</th><th class="num attn">10</th><th class="num">0</th><th class="num attn">1</th><th class="num">251,141</th><th colspan="2"></th></tr>
</table>
<table id='summary'><thead><tr><th>Class</th><th>Method</th><th>Start</th><th>Time (ms)</th></tr></thead><tbody><tr><th colspan="4">PayMongo Technical Exam Suite</th></tr></tbody><tbody id="t0"><tr><th colspan="4">Account Activation - Individual Business Type &#8212; failed</th></tr><tr class="failedeven"><td rowspan="1">pmTechExAutomation.TestCases.AccountActivationRegression</td><td><a href="#m0">verifyAccountActivationFirstStep</a></td><td rowspan="1">1694074444405</td><td rowspan="1">30433</td></tr><tr><th colspan="4">Account Activation - Individual Business Type &#8212; skipped</th></tr><tr class="skippedeven"><td rowspan="10">pmTechExAutomation.TestCases.AccountActivationRegression</td><td><a href="#m1">verifyAccountActivationSecondStep</a></td><td rowspan="1">1694074474887</td><td rowspan="1">1</td></tr><tr class="skippedeven"><td><a href="#m2">verifyAccountActivationSecondStepErrorHandling</a></td><td rowspan="1">1694074474892</td><td rowspan="1">0</td></tr><tr class="skippedeven"><td><a href="#m3">verifyAccountActivationSecondStepSuccessfulSubmit</a></td><td rowspan="1">1694074474894</td><td rowspan="1">0</td></tr><tr class="skippedeven"><td><a href="#m4">verifyAccountActivationThirdStepBusinessFormErrorHandling</a></td><td rowspan="1">1694074474898</td><td rowspan="1">0</td></tr><tr class="skippedeven"><td><a href="#m5">verifyAccountActivationThirdStepBusinessFormInitialValues</a></td><td rowspan="1">1694074474897</td><td rowspan="1">0</td></tr><tr class="skippedeven"><td><a href="#m6">verifyAccountActivationThirdStepChooseBusinessType</a></td><td rowspan="1">1694074474896</td><td rowspan="1">0</td></tr><tr class="skippedeven"><td><a href="#m7">verifyAccountActivationThirdStepSuccessfulSubmit</a></td><td rowspan="1">1694074474899</td><td rowspan="1">0</td></tr><tr class="skippedeven"><td><a href="#m8">verifyFourthStepStatementOfAcceptanceErrorHandling</a></td><td rowspan="1">1694074474901</td><td rowspan="1">0</td></tr><tr class="skippedeven"><td><a href="#m9">verifyFourthStepStatementOfAcceptanceLinks</a></td><td rowspan="1">1694074474900</td><td rowspan="1">0</td></tr><tr class="skippedeven"><td><a href="#m10">verifyFourthStepSubmitStatementOfAcceptance</a></td><td rowspan="1">1694074474901</td><td rowspan="1">0</td></tr><tr><th colspan="4">Account Activation - Individual Business Type &#8212; passed</th></tr><tr class="passedeven"><td rowspan="1">pmTechExAutomation.TestCases.AccountActivationRegression</td><td><a href="#m11">verifyUserLogin</a></td><td rowspan="1">1694074429094</td><td rowspan="1">15287</td></tr></tbody>
<tbody id="t1"><tr><th colspan="4">Account Activation - Sole Proprietorship Business Type &#8212; passed</th></tr><tr class="passedeven"><td rowspan="12">pmTechExAutomation.TestCases.AccountActivationRegression</td><td><a href="#m12">verifyAccountActivationFirstStep</a></td><td rowspan="1">1694074499322</td><td rowspan="1">50416</td></tr><tr class="passedeven"><td><a href="#m13">verifyAccountActivationSecondStep</a></td><td rowspan="1">1694074549741</td><td rowspan="1">1151</td></tr><tr class="passedeven"><td><a href="#m14">verifyAccountActivationSecondStepErrorHandling</a></td><td rowspan="1">1694074550896</td><td rowspan="1">10420</td></tr><tr class="passedeven"><td><a href="#m15">verifyAccountActivationSecondStepSuccessfulSubmit</a></td><td rowspan="1">1694074561318</td><td rowspan="1">9082</td></tr><tr class="passedeven"><td><a href="#m16">verifyAccountActivationThirdStepBusinessFormErrorHandling</a></td><td rowspan="1">1694074577481</td><td rowspan="1">5918</td></tr><tr class="passedeven"><td><a href="#m17">verifyAccountActivationThirdStepBusinessFormInitialValues</a></td><td rowspan="1">1694074572566</td><td rowspan="1">4913</td></tr><tr class="passedeven"><td><a href="#m18">verifyAccountActivationThirdStepChooseBusinessType</a></td><td rowspan="1">1694074570407</td><td rowspan="1">2158</td></tr><tr class="passedeven"><td><a href="#m19">verifyAccountActivationThirdStepSuccessfulSubmit</a></td><td rowspan="1">1694074583401</td><td rowspan="1">13219</td></tr><tr class="passedeven"><td><a href="#m20">verifyFourthStepStatementOfAcceptanceErrorHandling</a></td><td rowspan="1">1694074657266</td><td rowspan="1">5827</td></tr><tr class="passedeven"><td><a href="#m21">verifyFourthStepStatementOfAcceptanceLinks</a></td><td rowspan="1">1694074596626</td><td rowspan="1">60636</td></tr><tr class="passedeven"><td><a href="#m22">verifyFourthStepSubmitStatementOfAcceptance</a></td><td rowspan="1">1694074663095</td><td rowspan="1">7127</td></tr><tr class="passedeven"><td><a href="#m23">verifyUserLogin</a></td><td rowspan="1">1694074481460</td><td rowspan="1">17858</td></tr></tbody>
</table>
<h2>Account Activation - Individual Business Type</h2><h3 id="m0">pmTechExAutomation.TestCases.AccountActivationRegression#verifyAccountActivationFirstStep</h3><table class="result"><tr><th>Exception</th></tr><tr><td><div class="stacktrace">org.openqa.selenium.TimeoutException: Expected condition failed: waiting for condition (presence of element located by: By.xpath: //div[@class=&apos;kyc-form&apos;]//div[text()=&apos;Welcome to PayMongo!&apos;]) to be refreshed (tried for 30 second(s) with 500 milliseconds interval)
	at org.openqa.selenium.support.ui.WebDriverWait.timeoutException(WebDriverWait.java:87)
	at org.openqa.selenium.support.ui.FluentWait.until(FluentWait.java:231)
	at pmTechExAutomation.Methods.MethodsLibrary.waitUntilElementVisible(MethodsLibrary.java:97)
	at pmTechExAutomation.TestCases.AccountActivationRegression.verifyAccountActivationFirstStep(AccountActivationRegression.java:80)
	at java.base/java.util.ArrayList.forEach(ArrayList.java:1511)
Caused by: org.openqa.selenium.NoSuchElementException: no such element: Unable to locate element: {&quot;method&quot;:&quot;xpath&quot;,&quot;selector&quot;:&quot;//div[@class=&apos;kyc-form&apos;]//div[text()=&apos;Welcome to PayMongo!&apos;]&quot;}
  (Session info: chrome=116.0.5845.140)
For documentation on this error, please visit: https://selenium.dev/exceptions/#no_such_element
Build info: version: &apos;4.9.0&apos;, revision: &apos;d7057100a6&apos;
System info: os.name: &apos;Mac OS X&apos;, os.arch: &apos;x86_64&apos;, os.version: &apos;12.4&apos;, java.version: &apos;17.0.3.1&apos;
Driver info: org.openqa.selenium.chrome.ChromeDriver
Command: [38de69e8638acdb0ad47330e89461215, findElement {using=xpath, value=//div[@class=&apos;kyc-form&apos;]//div[text()=&apos;Welcome to PayMongo!&apos;]}]
Capabilities {acceptInsecureCerts: false, browserName: chrome, browserVersion: 116.0.5845.140, chrome: {chromedriverVersion: 116.0.5845.96 (1a3918166880..., userDataDir: /var/folders/8f/wxgc9x1906q...}, fedcm:accounts: true, goog:chromeOptions: {debuggerAddress: localhost:60043}, networkConnectionEnabled: false, pageLoadStrategy: normal, platformName: MAC, proxy: Proxy(), se:cdp: ws://localhost:60043/devtoo..., se:cdpVersion: 116.0.5845.140, setWindowRect: true, strictFileInteractability: false, timeouts: {implicit: 0, pageLoad: 300000, script: 30000}, unhandledPromptBehavior: dismiss and notify, webauthn:extension:credBlob: true, webauthn:extension:largeBlob: true, webauthn:extension:minPinLength: true, webauthn:extension:prf: true, webauthn:virtualAuthenticators: true}
Session ID: 38de69e8638acdb0ad47330e89461215
	at org.openqa.selenium.remote.codec.w3c.W3CHttpResponseCodec.createException(W3CHttpResponseCodec.java:200)
	at org.openqa.selenium.remote.codec.w3c.W3CHttpResponseCodec.decode(W3CHttpResponseCodec.java:133)
	at org.openqa.selenium.remote.codec.w3c.W3CHttpResponseCodec.decode(W3CHttpResponseCodec.java:53)
	at org.openqa.selenium.remote.HttpCommandExecutor.execute(HttpCommandExecutor.java:193)
	at org.openqa.selenium.remote.service.DriverCommandExecutor.invokeExecute(DriverCommandExecutor.java:183)
	at org.openqa.selenium.remote.service.DriverCommandExecutor.execute(DriverCommandExecutor.java:158)
	at org.openqa.selenium.remote.RemoteWebDriver.execute(RemoteWebDriver.java:543)
	at org.openqa.selenium.remote.ElementLocation$ElementFinder$2.findElement(ElementLocation.java:162)
	at org.openqa.selenium.remote.ElementLocation.findElement(ElementLocation.java:60)
	at org.openqa.selenium.remote.RemoteWebDriver.findElement(RemoteWebDriver.java:352)
	at org.openqa.selenium.remote.RemoteWebDriver.findElement(RemoteWebDriver.java:344)
	at org.openqa.selenium.support.ui.ExpectedConditions$6.apply(ExpectedConditions.java:174)
	at org.openqa.selenium.support.ui.ExpectedConditions$6.apply(ExpectedConditions.java:171)
	at org.openqa.selenium.support.ui.ExpectedConditions$25.apply(ExpectedConditions.java:721)
	at org.openqa.selenium.support.ui.ExpectedConditions$25.apply(ExpectedConditions.java:717)
	at org.openqa.selenium.support.ui.FluentWait.until(FluentWait.java:208)
	... 34 more
... Removed 35 stack frames</div></td></tr></table><p class="totop"><a href="#summary">back to summary</a></p>
<h3 id="m1">pmTechExAutomation.TestCases.AccountActivationRegression#verifyAccountActivationSecondStep</h3><table class="result"><tr><th>Exception</th></tr><tr><td><div class="stacktrace">java.lang.Throwable: Method AccountActivationRegression.verifyAccountActivationSecondStep()[pri:0, instance:pmTechExAutomation.TestCases.AccountActivationRegression@5c530d1e] depends on not successfully finished methods
	at java.base/java.util.ArrayList.forEach(ArrayList.java:1511)
... Removed 22 stack frames</div></td></tr></table><p class="totop"><a href="#summary">back to summary</a></p>
<h3 id="m2">pmTechExAutomation.TestCases.AccountActivationRegression#verifyAccountActivationSecondStepErrorHandling</h3><table class="result"><tr><th>Exception</th></tr><tr><td><div class="stacktrace">java.lang.Throwable: Method AccountActivationRegression.verifyAccountActivationSecondStepErrorHandling()[pri:0, instance:pmTechExAutomation.TestCases.AccountActivationRegression@5c530d1e] depends on not successfully finished methods
	at java.base/java.util.ArrayList.forEach(ArrayList.java:1511)
... Removed 22 stack frames</div></td></tr></table><p class="totop"><a href="#summary">back to summary</a></p>
<h3 id="m3">pmTechExAutomation.TestCases.AccountActivationRegression#verifyAccountActivationSecondStepSuccessfulSubmit</h3><table class="result"><tr><th>Exception</th></tr><tr><td><div class="stacktrace">java.lang.Throwable: Method AccountActivationRegression.verifyAccountActivationSecondStepSuccessfulSubmit()[pri:0, instance:pmTechExAutomation.TestCases.AccountActivationRegression@5c530d1e] depends on not successfully finished methods
	at java.base/java.util.ArrayList.forEach(ArrayList.java:1511)
... Removed 22 stack frames</div></td></tr></table><p class="totop"><a href="#summary">back to summary</a></p>
<h3 id="m4">pmTechExAutomation.TestCases.AccountActivationRegression#verifyAccountActivationThirdStepBusinessFormErrorHandling</h3><table class="result"><tr><th>Exception</th></tr><tr><td><div class="stacktrace">java.lang.Throwable: Method AccountActivationRegression.verifyAccountActivationThirdStepBusinessFormErrorHandling()[pri:0, instance:pmTechExAutomation.TestCases.AccountActivationRegression@5c530d1e] depends on not successfully finished methods
	at java.base/java.util.ArrayList.forEach(ArrayList.java:1511)
... Removed 22 stack frames</div></td></tr></table><p class="totop"><a href="#summary">back to summary</a></p>
<h3 id="m5">pmTechExAutomation.TestCases.AccountActivationRegression#verifyAccountActivationThirdStepBusinessFormInitialValues</h3><table class="result"><tr><th>Exception</th></tr><tr><td><div class="stacktrace">java.lang.Throwable: Method AccountActivationRegression.verifyAccountActivationThirdStepBusinessFormInitialValues()[pri:0, instance:pmTechExAutomation.TestCases.AccountActivationRegression@5c530d1e] depends on not successfully finished methods
	at java.base/java.util.ArrayList.forEach(ArrayList.java:1511)
... Removed 22 stack frames</div></td></tr></table><p class="totop"><a href="#summary">back to summary</a></p>
<h3 id="m6">pmTechExAutomation.TestCases.AccountActivationRegression#verifyAccountActivationThirdStepChooseBusinessType</h3><table class="result"><tr><th>Exception</th></tr><tr><td><div class="stacktrace">java.lang.Throwable: Method AccountActivationRegression.verifyAccountActivationThirdStepChooseBusinessType()[pri:0, instance:pmTechExAutomation.TestCases.AccountActivationRegression@5c530d1e] depends on not successfully finished methods
	at java.base/java.util.ArrayList.forEach(ArrayList.java:1511)
... Removed 22 stack frames</div></td></tr></table><p class="totop"><a href="#summary">back to summary</a></p>
<h3 id="m7">pmTechExAutomation.TestCases.AccountActivationRegression#verifyAccountActivationThirdStepSuccessfulSubmit</h3><table class="result"><tr><th>Exception</th></tr><tr><td><div class="stacktrace">java.lang.Throwable: Method AccountActivationRegression.verifyAccountActivationThirdStepSuccessfulSubmit()[pri:0, instance:pmTechExAutomation.TestCases.AccountActivationRegression@5c530d1e] depends on not successfully finished methods
	at java.base/java.util.ArrayList.forEach(ArrayList.java:1511)
... Removed 22 stack frames</div></td></tr></table><p class="totop"><a href="#summary">back to summary</a></p>
<h3 id="m8">pmTechExAutomation.TestCases.AccountActivationRegression#verifyFourthStepStatementOfAcceptanceErrorHandling</h3><table class="result"><tr><th>Exception</th></tr><tr><td><div class="stacktrace">java.lang.Throwable: Method AccountActivationRegression.verifyFourthStepStatementOfAcceptanceErrorHandling()[pri:0, instance:pmTechExAutomation.TestCases.AccountActivationRegression@5c530d1e] depends on not successfully finished methods
	at java.base/java.util.ArrayList.forEach(ArrayList.java:1511)
... Removed 22 stack frames</div></td></tr></table><p class="totop"><a href="#summary">back to summary</a></p>
<h3 id="m9">pmTechExAutomation.TestCases.AccountActivationRegression#verifyFourthStepStatementOfAcceptanceLinks</h3><table class="result"><tr><th>Exception</th></tr><tr><td><div class="stacktrace">java.lang.Throwable: Method AccountActivationRegression.verifyFourthStepStatementOfAcceptanceLinks()[pri:0, instance:pmTechExAutomation.TestCases.AccountActivationRegression@5c530d1e] depends on not successfully finished methods
	at java.base/java.util.ArrayList.forEach(ArrayList.java:1511)
... Removed 22 stack frames</div></td></tr></table><p class="totop"><a href="#summary">back to summary</a></p>
<h3 id="m10">pmTechExAutomation.TestCases.AccountActivationRegression#verifyFourthStepSubmitStatementOfAcceptance</h3><table class="result"><tr><th>Exception</th></tr><tr><td><div class="stacktrace">java.lang.Throwable: Method AccountActivationRegression.verifyFourthStepSubmitStatementOfAcceptance()[pri:0, instance:pmTechExAutomation.TestCases.AccountActivationRegression@5c530d1e] depends on not successfully finished methods
	at java.base/java.util.ArrayList.forEach(ArrayList.java:1511)
... Removed 22 stack frames</div></td></tr></table><p class="totop"><a href="#summary">back to summary</a></p>
<h3 id="m11">pmTechExAutomation.TestCases.AccountActivationRegression#verifyUserLogin</h3><table class="result"><tr><th class="invisible"/></tr></table><p class="totop"><a href="#summary">back to summary</a></p>
<h2>Account Activation - Sole Proprietorship Business Type</h2><h3 id="m12">pmTechExAutomation.TestCases.AccountActivationRegression#verifyAccountActivationFirstStep</h3><table class="result"><tr><th class="invisible"/></tr></table><p class="totop"><a href="#summary">back to summary</a></p>
<h3 id="m13">pmTechExAutomation.TestCases.AccountActivationRegression#verifyAccountActivationSecondStep</h3><table class="result"><tr><th class="invisible"/></tr></table><p class="totop"><a href="#summary">back to summary</a></p>
<h3 id="m14">pmTechExAutomation.TestCases.AccountActivationRegression#verifyAccountActivationSecondStepErrorHandling</h3><table class="result"><tr><th class="invisible"/></tr></table><p class="totop"><a href="#summary">back to summary</a></p>
<h3 id="m15">pmTechExAutomation.TestCases.AccountActivationRegression#verifyAccountActivationSecondStepSuccessfulSubmit</h3><table class="result"><tr><th class="invisible"/></tr></table><p class="totop"><a href="#summary">back to summary</a></p>
<h3 id="m16">pmTechExAutomation.TestCases.AccountActivationRegression#verifyAccountActivationThirdStepBusinessFormErrorHandling</h3><table class="result"><tr><th class="invisible"/></tr></table><p class="totop"><a href="#summary">back to summary</a></p>
<h3 id="m17">pmTechExAutomation.TestCases.AccountActivationRegression#verifyAccountActivationThirdStepBusinessFormInitialValues</h3><table class="result"><tr><th class="invisible"/></tr></table><p class="totop"><a href="#summary">back to summary</a></p>
<h3 id="m18">pmTechExAutomation.TestCases.AccountActivationRegression#verifyAccountActivationThirdStepChooseBusinessType</h3><table class="result"><tr><th class="invisible"/></tr></table><p class="totop"><a href="#summary">back to summary</a></p>
<h3 id="m19">pmTechExAutomation.TestCases.AccountActivationRegression#verifyAccountActivationThirdStepSuccessfulSubmit</h3><table class="result"><tr><th class="invisible"/></tr></table><p class="totop"><a href="#summary">back to summary</a></p>
<h3 id="m20">pmTechExAutomation.TestCases.AccountActivationRegression#verifyFourthStepStatementOfAcceptanceErrorHandling</h3><table class="result"><tr><th class="invisible"/></tr></table><p class="totop"><a href="#summary">back to summary</a></p>
<h3 id="m21">pmTechExAutomation.TestCases.AccountActivationRegression#verifyFourthStepStatementOfAcceptanceLinks</h3><table class="result"><tr><th class="invisible"/></tr></table><p class="totop"><a href="#summary">back to summary</a></p>
<h3 id="m22">pmTechExAutomation.TestCases.AccountActivationRegression#verifyFourthStepSubmitStatementOfAcceptance</h3><table class="result"><tr><th class="invisible"/></tr></table><p class="totop"><a href="#summary">back to summary</a></p>
<h3 id="m23">pmTechExAutomation.TestCases.AccountActivationRegression#verifyUserLogin</h3><table class="result"><tr><th class="invisible"/></tr></table><p class="totop"><a href="#summary">back to summary</a></p>
</body>
</html>
