<?xml version="1.0" encoding="UTF-8"?>
<testng-results ignored="0" total="24" passed="13" failed="1" skipped="10">
  <reporter-output>
  </reporter-output>
  <suite started-at="2023-09-07T16:13:39 PST" name="PayMongo Technical Exam Suite" finished-at="2023-09-07T16:17:51 PST" duration-ms="251263">
    <groups>
    </groups>
    <test started-at="2023-09-07T16:13:39 PST" name="Account Activation - Individual Business Type" finished-at="2023-09-07T16:14:35 PST" duration-ms="55439">
      <class name="pmTechExAutomation.TestCases.AccountActivationRegression">
        <test-method is-config="true" signature="setup(java.lang.String,java.lang.String,java.lang.String)[pri:0, instance:pmTechExAutomation.TestCases.AccountActivationRegression@5c530d1e]" started-at="2023-09-07T16:13:39 PST" name="setup" finished-at="2023-09-07T16:13:49 PST" duration-ms="9131" status="PASS">
          <params>
            <param index="0">
              <value>
                <![CDATA[grizelybearyl+tester9@gmail.com]]>
              </value>
            </param>
            <param index="1">
              <value>
                <![CDATA[test_P@ssw0rd!]]>
              </value>
            </param>
            <param index="2">
              <value>
                <![CDATA[Individual]]>
              </value>
            </param>
          </params>
          <reporter-output>
          </reporter-output>
        </test-method> <!-- setup -->
        <test-method signature="verifyUserLogin()[pri:0, instance:pmTechExAutomation.TestCases.AccountActivationRegression@5c530d1e]" started-at="2023-09-07T16:13:49 PST" name="verifyUserLogin" finished-at="2023-09-07T16:14:04 PST" duration-ms="15287" status="PASS">
          <reporter-output>
          </reporter-output>
        </test-method> <!-- verifyUserLogin -->
        <test-method signature="verifyAccountActivationFirstStep()[pri:0, instance:pmTechExAutomation.TestCases.AccountActivationRegression@5c530d1e]" started-at="2023-09-07T16:14:04 PST" name="verifyAccountActivationFirstStep" finished-at="2023-09-07T16:14:34 PST" depends-on-methods="pmTechExAutomation.TestCases.AccountActivationRegression.verifyUserLogin" duration-ms="30433" status="FAIL">
          <exception class="org.openqa.selenium.TimeoutException">
            <message>
              <![CDATA[Expected condition failed: waiting for condition (presence of element located by: By.xpath: //div[@class='kyc-form']//div[text()='Welcome to PayMongo!']) to be refreshed (tried for 30 second(s) with 500 milliseconds interval)]]>
            </message>
            <full-stacktrace>
              <![CDATA[org.openqa.selenium.TimeoutException: Expected condition failed: waiting for condition (presence of element located by: By.xpath: //div[@class='kyc-form']//div[text()='Welcome to PayMongo!']) to be refreshed (tried for 30 second(s) with 500 milliseconds interval)
at org.openqa.selenium.support.ui.WebDriverWait.timeoutException(WebDriverWait.java:87)
at org.openqa.selenium.support.ui.FluentWait.until(FluentWait.java:231)
at pmTechExAutomation.Methods.MethodsLibrary.waitUntilElementVisible(MethodsLibrary.java:97)
at pmTechExAutomation.TestCases.AccountActivationRegression.verifyAccountActivationFirstStep(AccountActivationRegression.java:80)
at java.base/jdk.internal.reflect.NativeMethodAccessorImpl.invoke0(Native Method)
at java.base/jdk.internal.reflect.NativeMethodAccessorImpl.invoke(NativeMethodAccessorImpl.java:77)
at java.base/jdk.internal.reflect.DelegatingMethodAccessorImpl.invoke(DelegatingMethodAccessorImpl.java:43)
at java.base/java.lang.reflect.Method.invoke(Method.java:568)
at org.testng.internal.MethodInvocationHelper.invokeMethod(MethodInvocationHelper.java:133)
at org.testng.internal.TestInvoker.invokeMethod(TestInvoker.java:598)
at org.testng.internal.TestInvoker.invokeTestMethod(TestInvoker.java:173)
at org.testng.internal.MethodRunner.runInSequence(MethodRunner.java:46)
at org.testng.internal.TestInvoker$MethodInvocationAgent.invoke(TestInvoker.java:824)
at org.testng.internal.TestInvoker.invokeTestMethods(TestInvoker.java:146)
at org.testng.internal.TestMethodWorker.invokeTestMethods(TestMethodWorker.java:146)
at org.testng.internal.TestMethodWorker.run(TestMethodWorker.java:128)
at java.base/java.util.ArrayList.forEach(ArrayList.java:1511)
at org.testng.TestRunner.privateRun(TestRunner.java:794)
at org.testng.TestRunner.run(TestRunner.java:596)
at org.testng.SuiteRunner.runTest(SuiteRunner.java:377)
at org.testng.SuiteRunner.runSequentially(SuiteRunner.java:371)
at org.testng.SuiteRunner.privateRun(SuiteRunner.java:332)
at org.testng.SuiteRunner.run(SuiteRunner.java:276)
at org.testng.SuiteRunnerWorker.runSuite(SuiteRunnerWorker.java:53)
at org.testng.SuiteRunnerWorker.run(SuiteRunnerWorker.java:96)
at org.testng.TestNG.runSuitesSequentially(TestNG.java:1212)
at org.testng.TestNG.runSuitesLocally(TestNG.java:1134)
at org.testng.TestNG.runSuites(TestNG.java:1063)
at org.testng.TestNG.run(TestNG.java:1031)
at org.apache.maven.surefire.testng.TestNGExecutor.run(TestNGExecutor.java:283)
at org.apache.maven.surefire.testng.TestNGXmlTestSuite.execute(TestNGXmlTestSuite.java:75)
at org.apache.maven.surefire.testng.TestNGProvider.invoke(TestNGProvider.java:120)
at org.apache.maven.surefire.booter.ForkedBooter.runSuitesInProcess(ForkedBooter.java:377)
at org.apache.maven.surefire.booter.ForkedBooter.execute(ForkedBooter.java:138)
at org.apache.maven.surefire.booter.ForkedBooter.run(ForkedBooter.java:465)
at org.apache.maven.surefire.booter.ForkedBooter.main(ForkedBooter.java:451)
Caused by: org.openqa.selenium.NoSuchElementException: no such element: Unable to locate element: {"method":"xpath","selector":"//div[@class='kyc-form']//div[text()='Welcome to PayMongo!']"}
  (Session info: chrome=116.0.5845.140)
For documentation on this error, please visit: https://selenium.dev/exceptions/#no_such_element
Build info: version: '4.9.0', revision: 'd7057100a6'
System info: os.name: 'Mac OS X', os.arch: 'x86_64', os.version: '12.4', java.version: '17.0.3.1'
Driver info: org.openqa.selenium.chrome.ChromeDriver
Command: [38de69e8638acdb0ad47330e89461215, findElement {using=xpath, value=//div[@class='kyc-form']//div[text()='Welcome to PayMongo!']}]
Capabilities {acceptInsecureCerts: false, browserName: chrome, browserVersion: 116.0.5845.140, chrome: {chromedriverVersion: 116.0.5845.96 (1a3918166880..., userDataDir: /var/folders/8f/wxgc9x1906q...}, fedcm:accounts: true, goog:chromeOptions: {debuggerAddress: localhost:60043}, networkConnectionEnabled: false, pageLoadStrategy: normal, platformName: MAC, proxy: Proxy(), se:cdp: ws://localhost:60043/devtoo..., se:cdpVersion: 116.0.5845.140, setWindowRect: true, strictFileInteractability: false, timeouts: {implicit: 0, pageLoad: 300000, script: 30000}, unhandledPromptBehavior: dismiss and notify, webauthn:extension:credBlob: true, webauthn:extension:largeBlob: true, webauthn:extension:minPinLength: true, webauthn:extension:prf: true, webauthn:virtualAuthenticators: true}
Session ID: 38de69e8638acdb0ad47330e89461215
at jdk.internal.reflect.GeneratedConstructorAccessor9.newInstance(Unknown Source)
at java.base/jdk.internal.reflect.DelegatingConstructorAccessorImpl.newInstance(DelegatingConstructorAccessorImpl.java:45)
at java.base/java.lang.reflect.Constructor.newInstanceWithCaller(Constructor.java:499)
at java.base/java.lang.reflect.Constructor.newInstance(Constructor.java:480)
at org.openqa.selenium.remote.codec.w3c.W3CHttpResponseCodec.createException(W3CHttpResponseCodec.java:200)
at org.openqa.selenium.remote.codec.w3c.W3CHttpResponseCodec.decode(W3CHttpResponseCodec.java:133)
at org.openqa.selenium.remote.codec.w3c.W3CHttpResponseCodec.decode(W3CHttpResponseCodec.java:53)
at org.openqa.selenium.remote.HttpCommandExecutor.execute(HttpCommandExecutor.java:193)
at org.openqa.selenium.remote.service.DriverCommandExecutor.invokeExecute(DriverCommandExecutor.java:183)
at org.openqa.selenium.remote.service.DriverCommandExecutor.execute(DriverCommandExecutor.java:158)
at org.openqa.selenium.remote.RemoteWebDriver.execute(RemoteWebDriver.java:543)
at org.openqa.selenium.remote.ElementLocation$ElementFinder$2.findElement(ElementLocation.java:162)
at org.openqa.selenium.remote.ElementLocation.findElement(ElementLocation.java:60)
at org.openqa.selenium.remote.RemoteWebDriver.findElement(RemoteWebDriver.java:352)
at org.openqa.selenium.remote.RemoteWebDriver.findElement(RemoteWebDriver.java:344)
at org.openqa.selenium.support.ui.ExpectedConditions$6.apply(ExpectedConditions.java:174)
at org.openqa.selenium.support.ui.ExpectedConditions$6.apply(ExpectedConditions.java:171)
at org.openqa.selenium.support.ui.ExpectedConditions$25.apply(ExpectedConditions.java:721)
at org.openqa.selenium.support.ui.ExpectedConditions$25.apply(ExpectedConditions.java:717)
at org.openqa.selenium.support.ui.FluentWait.until(FluentWait.java:208)
... 34 more
]]>
            </full-stacktrace>
          </exception> <!-- org.openqa.selenium.TimeoutException -->
          <reporter-output>
          </reporter-output>
        </test-method> <!-- verifyAccountActivationFirstStep -->
        <test-method signature="verifyAccountActivationSecondStep()[pri:0, instance:pmTechExAutomation.TestCases.AccountActivationRegression@5c530d1e]" started-at="2023-09-07T16:14:34 PST" name="verifyAccountActivationSecondStep" finished-at="2023-09-07T16:14:34 PST" depends-on-methods="pmTechExAutomation.TestCases.AccountActivationRegression.verifyAccountActivationFirstStep" duration-ms="1" status="SKIP">
          <exception class="java.lang.Throwable">
            <message>
              <![CDATA[Method AccountActivationRegression.verifyAccountActivationSecondStep()[pri:0, instance:pmTechExAutomation.TestCases.AccountActivationRegression@5c530d1e] depends on not successfully finished methods]]>
            </message>
            <full-stacktrace>
              <![CDATA[java.lang.Throwable: Method AccountActivationRegression.verifyAccountActivationSecondStep()[pri:0, instance:pmTechExAutomation.TestCases.AccountActivationRegression@5c530d1e] depends on not successfully finished methods
at org.testng.internal.TestInvoker.invokeTestMethods(TestInvoker.java:102)
at org.testng.internal.TestMethodWorker.invokeTestMethods(TestMethodWorker.java:146)
at org.testng.internal.TestMethodWorker.run(TestMethodWorker.java:128)
at java.base/java.util.ArrayList.forEach(ArrayList.java:1511)
at org.testng.TestRunner.privateRun(TestRunner.java:794)
at org.testng.TestRunner.run(TestRunner.java:596)
at org.testng.SuiteRunner.runTest(SuiteRunner.java:377)
at org.testng.SuiteRunner.runSequentially(SuiteRunner.java:371)
at org.testng.SuiteRunner.privateRun(SuiteRunner.java:332)
at org.testng.SuiteRunner.run(SuiteRunner.java:276)
at org.testng.SuiteRunnerWorker.runSuite(SuiteRunnerWorker.java:53)
at org.testng.SuiteRunnerWorker.run(SuiteRunnerWorker.java:96)
at org.testng.TestNG.runSuitesSequentially(TestNG.java:1212)
at org.testng.TestNG.runSuitesLocally(TestNG.java:1134)
at org.testng.TestNG.runSuites(TestNG.java:1063)
at org.testng.TestNG.run(TestNG.java:1031)
at org.apache.maven.surefire.testng.TestNGExecutor.run(TestNGExecutor.java:283)
at org.apache.maven.surefire.testng.TestNGXmlTestSuite.execute(TestNGXmlTestSuite.java:75)
at org.apache.maven.surefire.testng.TestNGProvider.invoke(TestNGProvider.java:120)
at org.apache.maven.surefire.booter.ForkedBooter.runSuitesInProcess(ForkedBooter.java:377)
at org.apache.maven.surefire.booter.ForkedBooter.execute(ForkedBooter.java:138)
at org.apache.maven.surefire.booter.ForkedBooter.run(ForkedBooter.java:465)
at org.apache.maven.surefire.booter.ForkedBooter.main(ForkedBooter.java:451)
]]>
            </full-stacktrace>
          </exception> <!-- java.lang.Throwable -->
          <reporter-output>
          </reporter-output>
        </test-method> <!-- verifyAccountActivationSecondStep -->
        <test-method signature="verifyAccountActivationSecondStepErrorHandling()[pri:0, instance:pmTechExAutomation.TestCases.AccountActivationRegression@5c530d1e]" started-at="2023-09-07T16:14:34 PST" name="verifyAccountActivationSecondStepErrorHandling" finished-at="2023-09-07T16:14:34 PST" depends-on-methods="pmTechExAutomation.TestCases.AccountActivationRegression.verifyAccountActivationSecondStep" duration-ms="0" status="SKIP">
          <exception class="java.lang.Throwable">
            <message>
              <![CDATA[Method AccountActivationRegression.verifyAccountActivationSecondStepErrorHandling()[pri:0, instance:pmTechExAutomation.TestCases.AccountActivationRegression@5c530d1e] depends on not successfully finished methods]]>
            </message>
            <full-stacktrace>
              <![CDATA[java.lang.Throwable: Method AccountActivationRegression.verifyAccountActivationSecondStepErrorHandling()[pri:0, instance:pmTechExAutomation.TestCases.AccountActivationRegression@5c530d1e] depends on not successfully finished methods
at org.testng.internal.TestInvoker.invokeTestMethods(TestInvoker.java:102)
at org.testng.internal.TestMethodWorker.invokeTestMethods(TestMethodWorker.java:146)
at org.testng.internal.TestMethodWorker.run(TestMethodWorker.java:128)
at java.base/java.util.ArrayList.forEach(ArrayList.java:1511)
at org.testng.TestRunner.privateRun(TestRunner.java:794)
at org.testng.TestRunner.run(TestRunner.java:596)
at org.testng.SuiteRunner.runTest(SuiteRunner.java:377)
at org.testng.SuiteRunner.runSequentially(SuiteRunner.java:371)
at org.testng.SuiteRunner.privateRun(SuiteRunner.java:332)
at org.testng.SuiteRunner.run(SuiteRunner.java:276)
at org.testng.SuiteRunnerWorker.runSuite(SuiteRunnerWorker.java:53)
at org.testng.SuiteRunnerWorker.run(SuiteRunnerWorker.java:96)
at org.testng.TestNG.runSuitesSequentially(TestNG.java:1212)
at org.testng.TestNG.runSuitesLocally(TestNG.java:1134)
at org.testng.TestNG.runSuites(TestNG.java:1063)
at org.testng.TestNG.run(TestNG.java:1031)
at org.apache.maven.surefire.testng.TestNGExecutor.run(TestNGExecutor.java:283)
at org.apache.maven.surefire.testng.TestNGXmlTestSuite.execute(TestNGXmlTestSuite.java:75)
at org.apache.maven.surefire.testng.TestNGProvider.invoke(TestNGProvider.java:120)
at org.apache.maven.surefire.booter.ForkedBooter.runSuitesInProcess(ForkedBooter.java:377)
at org.apache.maven.surefire.booter.ForkedBooter.execute(ForkedBooter.java:138)
at org.apache.maven.surefire.booter.ForkedBooter.run(ForkedBooter.java:465)
at org.apache.maven.surefire.booter.ForkedBooter.main(ForkedBooter.java:451)
]]>
            </full-stacktrace>
          </exception> <!-- java.lang.Throwable -->
          <reporter-output>
          </reporter-output>
        </test-method> <!-- verifyAccountActivationSecondStepErrorHandling -->
        <test-method signature="verifyAccountActivationSecondStepSuccessfulSubmit()[pri:0, instance:pmTechExAutomation.TestCases.AccountActivationRegression@5c530d1e]" started-at="2023-09-07T16:14:34 PST" name="verifyAccountActivationSecondStepSuccessfulSubmit" finished-at="2023-09-07T16:14:34 PST" depends-on-methods="pmTechExAutomation.TestCases.AccountActivationRegression.verifyAccountActivationSecondStepErrorHandling" duration-ms="0" status="SKIP">
          <exception class="java.lang.Throwable">
            <message>
              <![CDATA[Method AccountActivationRegression.verifyAccountActivationSecondStepSuccessfulSubmit()[pri:0, instance:pmTechExAutomation.TestCases.AccountActivationRegression@5c530d1e] depends on not successfully finished methods]]>
            </message>
            <full-stacktrace>
              <![CDATA[java.lang.Throwable: Method AccountActivationRegression.verifyAccountActivationSecondStepSuccessfulSubmit()[pri:0, instance:pmTechExAutomation.TestCases.AccountActivationRegression@5c530d1e] depends on not successfully finished methods
at org.testng.internal.TestInvoker.invokeTestMethods(TestInvoker.java:102)
at org.testng.internal.TestMethodWorker.invokeTestMethods(TestMethodWorker.java:146)
at org.testng.internal.TestMethodWorker.run(TestMethodWorker.java:128)
at java.base/java.util.ArrayList.forEach(ArrayList.java:1511)
at org.testng.TestRunner.privateRun(TestRunner.java:794)
at org.testng.TestRunner.run(TestRunner.java:596)
at org.testng.SuiteRunner.runTest(SuiteRunner.java:377)
at org.testng.SuiteRunner.runSequentially(SuiteRunner.java:371)
at org.testng.SuiteRunner.privateRun(SuiteRunner.java:332)
at org.testng.SuiteRunner.run(SuiteRunner.java:276)
at org.testng.SuiteRunnerWorker.runSuite(SuiteRunnerWorker.java:53)
at org.testng.SuiteRunnerWorker.run(SuiteRunnerWorker.java:96)
at org.testng.TestNG.runSuitesSequentially(TestNG.java:1212)
at org.testng.TestNG.runSuitesLocally(TestNG.java:1134)
at org.testng.TestNG.runSuites(TestNG.java:1063)
at org.testng.TestNG.run(TestNG.java:1031)
at org.apache.maven.surefire.testng.TestNGExecutor.run(TestNGExecutor.java:283)
at org.apache.maven.surefire.testng.TestNGXmlTestSuite.execute(TestNGXmlTestSuite.java:75)
at org.apache.maven.surefire.testng.TestNGProvider.invoke(TestNGProvider.java:120)
at org.apache.maven.surefire.booter.ForkedBooter.runSuitesInProcess(ForkedBooter.java:377)
at org.apache.maven.surefire.booter.ForkedBooter.execute(ForkedBooter.java:138)
at org.apache.maven.surefire.booter.ForkedBooter.run(ForkedBooter.java:465)
at org.apache.maven.surefire.booter.ForkedBooter.main(ForkedBooter.java:451)
]]>
            </full-stacktrace>
          </exception> <!-- java.lang.Throwable -->
          <reporter-output>
          </reporter-output>
        </test-method> <!-- verifyAccountActivationSecondStepSuccessfulSubmit -->
        <test-method signature="verifyAccountActivationThirdStepChooseBusinessType()[pri:0, instance:pmTechExAutomation.TestCases.AccountActivationRegression@5c530d1e]" started-at="2023-09-07T16:14:34 PST" name="verifyAccountActivationThirdStepChooseBusinessType" finished-at="2023-09-07T16:14:34 PST" depends-on-methods="pmTechExAutomation.TestCases.AccountActivationRegression.verifyAccountActivationSecondStepSuccessfulSubmit" duration-ms="0" status="SKIP">
          <exception class="java.lang.Throwable">
            <message>
              <![CDATA[Method AccountActivationRegression.verifyAccountActivationThirdStepChooseBusinessType()[pri:0, instance:pmTechExAutomation.TestCases.AccountActivationRegression@5c530d1e] depends on not successfully finished methods]]>
            </message>
            <full-stacktrace>
              <![CDATA[java.lang.Throwable: Method AccountActivationRegression.verifyAccountActivationThirdStepChooseBusinessType()[pri:0, instance:pmTechExAutomation.TestCases.AccountActivationRegression@5c530d1e] depends on not successfully finished methods
at org.testng.internal.TestInvoker.invokeTestMethods(TestInvoker.java:102)
at org.testng.internal.TestMethodWorker.invokeTestMethods(TestMethodWorker.java:146)
at org.testng.internal.TestMethodWorker.run(TestMethodWorker.java:128)
at java.base/java.util.ArrayList.forEach(ArrayList.java:1511)
at org.testng.TestRunner.privateRun(TestRunner.java:794)
at org.testng.TestRunner.run(TestRunner.java:596)
at org.testng.SuiteRunner.runTest(SuiteRunner.java:377)
at org.testng.SuiteRunner.runSequentially(SuiteRunner.java:371)
at org.testng.SuiteRunner.privateRun(SuiteRunner.java:332)
at org.testng.SuiteRunner.run(SuiteRunner.java:276)
at org.testng.SuiteRunnerWorker.runSuite(SuiteRunnerWorker.java:53)
at org.testng.SuiteRunnerWorker.run(SuiteRunnerWorker.java:96)
at org.testng.TestNG.runSuitesSequentially(TestNG.java:1212)
at org.testng.TestNG.runSuitesLocally(TestNG.java:1134)
at org.testng.TestNG.runSuites(TestNG.java:1063)
at org.testng.TestNG.run(TestNG.java:1031)
at org.apache.maven.surefire.testng.TestNGExecutor.run(TestNGExecutor.java:283)
at org.apache.maven.surefire.testng.TestNGXmlTestSuite.execute(TestNGXmlTestSuite.java:75)
at org.apache.maven.surefire.testng.TestNGProvider.invoke(TestNGProvider.java:120)
at org.apache.maven.surefire.booter.ForkedBooter.runSuitesInProcess(ForkedBooter.java:377)
at org.apache.maven.surefire.booter.ForkedBooter.execute(ForkedBooter.java:138)
at org.apache.maven.surefire.booter.ForkedBooter.run(ForkedBooter.java:465)
at org.apache.maven.surefire.booter.ForkedBooter.main(ForkedBooter.java:451)
]]>
            </full-stacktrace>
          </exception> <!-- java.lang.Throwable -->
          <reporter-output>
          </reporter-output>
        </test-method> <!-- verifyAccountActivationThirdStepChooseBusinessType -->
        <test-method signature="verifyAccountActivationThirdStepBusinessFormInitialValues()[pri:0, instance:pmTechExAutomation.TestCases.AccountActivationRegression@5c530d1e]" started-at="2023-09-07T16:14:34 PST" name="verifyAccountActivationThirdStepBusinessFormInitialValues" finished-at="2023-09-07T16:14:34 PST" depends-on-methods="pmTechExAutomation.TestCases.AccountActivationRegression.verifyAccountActivationThirdStepChooseBusinessType" duration-ms="0" status="SKIP">
          <exception class="java.lang.Throwable">
            <message>
              <![CDATA[Method AccountActivationRegression.verifyAccountActivationThirdStepBusinessFormInitialValues()[pri:0, instance:pmTechExAutomation.TestCases.AccountActivationRegression@5c530d1e] depends on not successfully finished methods]]>
            </message>
            <full-stacktrace>
              <![CDATA[java.lang.Throwable: Method AccountActivationRegression.verifyAccountActivationThirdStepBusinessFormInitialValues()[pri:0, instance:pmTechExAutomation.TestCases.AccountActivationRegression@5c530d1e] depends on not successfully finished methods
at org.testng.internal.TestInvoker.invokeTestMethods(TestInvoker.java:102)
at org.testng.internal.TestMethodWorker.invokeTestMethods(TestMethodWorker.java:146)
at org.testng.internal.TestMethodWorker.run(TestMethodWorker.java:128)
at java.base/java.util.ArrayList.forEach(ArrayList.java:1511)
at org.testng.TestRunner.privateRun(TestRunner.java:794)
at org.testng.TestRunner.run(TestRunner.java:596)
at org.testng.SuiteRunner.runTest(SuiteRunner.java:377)
at org.testng.SuiteRunner.runSequentially(SuiteRunner.java:371)
at org.testng.SuiteRunner.privateRun(SuiteRunner.java:332)
at org.testng.SuiteRunner.run(SuiteRunner.java:276)
at org.testng.SuiteRunnerWorker.runSuite(SuiteRunnerWorker.java:53)
at org.testng.SuiteRunnerWorker.run(SuiteRunnerWorker.java:96)
at org.testng.TestNG.runSuitesSequentially(TestNG.java:1212)
at org.testng.TestNG.runSuitesLocally(TestNG.java:1134)
at org.testng.TestNG.runSuites(TestNG.java:1063)
at org.testng.TestNG.run(TestNG.java:1031)
at org.apache.maven.surefire.testng.TestNGExecutor.run(TestNGExecutor.java:283)
at org.apache.maven.surefire.testng.TestNGXmlTestSuite.execute(TestNGXmlTestSuite.java:75)
at org.apache.maven.surefire.testng.TestNGProvider.invoke(TestNGProvider.java:120)
at org.apache.maven.surefire.booter.ForkedBooter.runSuitesInProcess(ForkedBooter.java:377)
at org.apache.maven.surefire.booter.ForkedBooter.execute(ForkedBooter.java:138)
at org.apache.maven.surefire.booter.ForkedBooter.run(ForkedBooter.java:465)
at org.apache.maven.surefire.booter.ForkedBooter.main(ForkedBooter.java:451)
]]>
            </full-stacktrace>
          </exception> <!-- java.lang.Throwable -->
          <reporter-output>
          </reporter-output>
        </test-method> <!-- verifyAccountActivationThirdStepBusinessFormInitialValues -->
        <test-method signature="verifyAccountActivationThirdStepBusinessFormErrorHandling()[pri:0, instance:pmTechExAutomation.TestCases.AccountActivationRegression@5c530d1e]" started-at="2023-09-07T16:14:34 PST" name="verifyAccountActivationThirdStepBusinessFormErrorHandling" finished-at="2023-09-07T16:14:34 PST" depends-on-methods="pmTechExAutomation.TestCases.AccountActivationRegression.verifyAccountActivationThirdStepBusinessFormInitialValues" duration-ms="0" status="SKIP">
          <exception class="java.lang.Throwable">
            <message>
              <![CDATA[Method AccountActivationRegression.verifyAccountActivationThirdStepBusinessFormErrorHandling()[pri:0, instance:pmTechExAutomation.TestCases.AccountActivationRegression@5c530d1e] depends on not successfully finished methods]]>
            </message>
            <full-stacktrace>
              <![CDATA[java.lang.Throwable: Method AccountActivationRegression.verifyAccountActivationThirdStepBusinessFormErrorHandling()[pri:0, instance:pmTechExAutomation.TestCases.AccountActivationRegression@5c530d1e] depends on not successfully finished methods
at org.testng.internal.TestInvoker.invokeTestMethods(TestInvoker.java:102)
at org.testng.internal.TestMethodWorker.invokeTestMethods(TestMethodWorker.java:146)
at org.testng.internal.TestMethodWorker.run(TestMethodWorker.java:128)
at java.base/java.util.ArrayList.forEach(ArrayList.java:1511)
at org.testng.TestRunner.privateRun(TestRunner.java:794)
at org.testng.TestRunner.run(TestRunner.java:596)
at org.testng.SuiteRunner.runTest(SuiteRunner.java:377)
at org.testng.SuiteRunner.runSequentially(SuiteRunner.java:371)
at org.testng.SuiteRunner.privateRun(SuiteRunner.java:332)
at org.testng.SuiteRunner.run(SuiteRunner.java:276)
at org.testng.SuiteRunnerWorker.runSuite(SuiteRunnerWorker.java:53)
at org.testng.SuiteRunnerWorker.run(SuiteRunnerWorker.java:96)
at org.testng.TestNG.runSuitesSequentially(TestNG.java:1212)
at org.testng.TestNG.runSuitesLocally(TestNG.java:1134)
at org.testng.TestNG.runSuites(TestNG.java:1063)
at org.testng.TestNG.run(TestNG.java:1031)
at org.apache.maven.surefire.testng.TestNGExecutor.run(TestNGExecutor.java:283)
at org.apache.maven.surefire.testng.TestNGXmlTestSuite.execute(TestNGXmlTestSuite.java:75)
at org.apache.maven.surefire.testng.TestNGProvider.invoke(TestNGProvider.java:120)
at org.apache.maven.surefire.booter.ForkedBooter.runSuitesInProcess(ForkedBooter.java:377)
at org.apache.maven.surefire.booter.ForkedBooter.execute(ForkedBooter.java:138)
at org.apache.maven.surefire.booter.ForkedBooter.run(ForkedBooter.java:465)
at org.apache.maven.surefire.booter.ForkedBooter.main(ForkedBooter.java:451)
]]>
            </full-stacktrace>
          </exception> <!-- java.lang.Throwable -->
          <reporter-output>
          </reporter-output>
        </test-method> <!-- verifyAccountActivationThirdStepBusinessFormErrorHandling -->
        <test-method signature="verifyAccountActivationThirdStepSuccessfulSubmit()[pri:0, instance:pmTechExAutomation.TestCases.AccountActivationRegression@5c530d1e]" started-at="2023-09-07T16:14:34 PST" name="verifyAccountActivationThirdStepSuccessfulSubmit" finished-at="2023-09-07T16:14:34 PST" depends-on-methods="pmTechExAutomation.TestCases.AccountActivationRegression.verifyAccountActivationThirdStepBusinessFormErrorHandling" duration-ms="0" status="SKIP">
          <exception class="java.lang.Throwable">
            <message>
              <![CDATA[Method AccountActivationRegression.verifyAccountActivationThirdStepSuccessfulSubmit()[pri:0, instance:pmTechExAutomation.TestCases.AccountActivationRegression@5c530d1e] depends on not successfully finished methods]]>
            </message>
            <full-stacktrace>
              <![CDATA[java.lang.Throwable: Method AccountActivationRegression.verifyAccountActivationThirdStepSuccessfulSubmit()[pri:0, instance:pmTechExAutomation.TestCases.AccountActivationRegression@5c530d1e] depends on not successfully finished methods
at org.testng.internal.TestInvoker.invokeTestMethods(TestInvoker.java:102)
at org.testng.internal.TestMethodWorker.invokeTestMethods(TestMethodWorker.java:146)
at org.testng.internal.TestMethodWorker.run(TestMethodWorker.java:128)
at java.base/java.util.ArrayList.forEach(ArrayList.java:1511)
at org.testng.TestRunner.privateRun(TestRunner.java:794)
at org.testng.TestRunner.run(TestRunner.java:596)
at org.testng.SuiteRunner.runTest(SuiteRunner.java:377)
at org.testng.SuiteRunner.runSequentially(SuiteRunner.java:371)
at org.testng.SuiteRunner.privateRun(SuiteRunner.java:332)
at org.testng.SuiteRunner.run(SuiteRunner.java:276)
at org.testng.SuiteRunnerWorker.runSuite(SuiteRunnerWorker.java:53)
at org.testng.SuiteRunnerWorker.run(SuiteRunnerWorker.java:96)
at org.testng.TestNG.runSuitesSequentially(TestNG.java:1212)
at org.testng.TestNG.runSuitesLocally(TestNG.java:1134)
at org.testng.TestNG.runSuites(TestNG.java:1063)
at org.testng.TestNG.run(TestNG.java:1031)
at org.apache.maven.surefire.testng.TestNGExecutor.run(TestNGExecutor.java:283)
at org.apache.maven.surefire.testng.TestNGXmlTestSuite.execute(TestNGXmlTestSuite.java:75)
at org.apache.maven.surefire.testng.TestNGProvider.invoke(TestNGProvider.java:120)
at org.apache.maven.surefire.booter.ForkedBooter.runSuitesInProcess(ForkedBooter.java:377)
at org.apache.maven.surefire.booter.ForkedBooter.execute(ForkedBooter.java:138)
at org.apache.maven.surefire.booter.ForkedBooter.run(ForkedBooter.java:465)
at org.apache.maven.surefire.booter.ForkedBooter.main(ForkedBooter.java:451)
]]>
            </full-stacktrace>
          </exception> <!-- java.lang.Throwable -->
          <reporter-output>
          </reporter-output>
        </test-method> <!-- verifyAccountActivationThirdStepSuccessfulSubmit -->
        <test-method signature="verifyFourthStepStatementOfAcceptanceLinks()[pri:0, instance:pmTechExAutomation.TestCases.AccountActivationRegression@5c530d1e]" started-at="2023-09-07T16:14:34 PST" name="verifyFourthStepStatementOfAcceptanceLinks" finished-at="2023-09-07T16:14:34 PST" depends-on-methods="pmTechExAutomation.TestCases.AccountActivationRegression.verifyAccountActivationThirdStepSuccessfulSubmit" duration-ms="0" status="SKIP">
          <exception class="java.lang.Throwable">
            <message>
              <![CDATA[Method AccountActivationRegression.verifyFourthStepStatementOfAcceptanceLinks()[pri:0, instance:pmTechExAutomation.TestCases.AccountActivationRegression@5c530d1e] depends on not successfully finished methods]]>
            </message>
            <full-stacktrace>
              <![CDATA[java.lang.Throwable: Method AccountActivationRegression.verifyFourthStepStatementOfAcceptanceLinks()[pri:0, instance:pmTechExAutomation.TestCases.AccountActivationRegression@5c530d1e] depends on not successfully finished methods
at org.testng.internal.TestInvoker.invokeTestMethods(TestInvoker.java:102)
at org.testng.internal.TestMethodWorker.invokeTestMethods(TestMethodWorker.java:146)
at org.testng.internal.TestMethodWorker.run(TestMethodWorker.java:128)
at java.base/java.util.ArrayList.forEach(ArrayList.java:1511)
at org.testng.TestRunner.privateRun(TestRunner.java:794)
at org.testng.TestRunner.run(TestRunner.java:596)
at org.testng.SuiteRunner.runTest(SuiteRunner.java:377)
at org.testng.SuiteRunner.runSequentially(SuiteRunner.java:371)
at org.testng.SuiteRunner.privateRun(SuiteRunner.java:332)
at org.testng.SuiteRunner.run(SuiteRunner.java:276)
at org.testng.SuiteRunnerWorker.runSuite(SuiteRunnerWorker.java:53)
at org.testng.SuiteRunnerWorker.run(SuiteRunnerWorker.java:96)
at org.testng.TestNG.runSuitesSequentially(TestNG.java:1212)
at org.testng.TestNG.runSuitesLocally(TestNG.java:1134)
at org.testng.TestNG.runSuites(TestNG.java:1063)
at org.testng.TestNG.run(TestNG.java:1031)
at org.apache.maven.surefire.testng.TestNGExecutor.run(TestNGExecutor.java:283)
at org.apache.maven.surefire.testng.TestNGXmlTestSuite.execute(TestNGXmlTestSuite.java:75)
at org.apache.maven.surefire.testng.TestNGProvider.invoke(TestNGProvider.java:120)
at org.apache.maven.surefire.booter.ForkedBooter.runSuitesInProcess(ForkedBooter.java:377)
at org.apache.maven.surefire.booter.ForkedBooter.execute(ForkedBooter.java:138)
at org.apache.maven.surefire.booter.ForkedBooter.run(ForkedBooter.java:465)
at org.apache.maven.surefire.booter.ForkedBooter.main(ForkedBooter.java:451)
]]>
            </full-stacktrace>
          </exception> <!-- java.lang.Throwable -->
          <reporter-output>
          </reporter-output>
        </test-method> <!-- verifyFourthStepStatementOfAcceptanceLinks -->
        <test-method signature="verifyFourthStepStatementOfAcceptanceErrorHandling()[pri:0, instance:pmTechExAutomation.TestCases.AccountActivationRegression@5c530d1e]" started-at="2023-09-07T16:14:34 PST" name="verifyFourthStepStatementOfAcceptanceErrorHandling" finished-at="2023-09-07T16:14:34 PST" depends-on-methods="pmTechExAutomation.TestCases.AccountActivationRegression.verifyFourthStepStatementOfAcceptanceLinks" duration-ms="0" status="SKIP">
          <exception class="java.lang.Throwable">
            <message>
              <![CDATA[Method AccountActivationRegression.verifyFourthStepStatementOfAcceptanceErrorHandling()[pri:0, instance:pmTechExAutomation.TestCases.AccountActivationRegression@5c530d1e] depends on not successfully finished methods]]>
            </message>
            <full-stacktrace>
              <![CDATA[java.lang.Throwable: Method AccountActivationRegression.verifyFourthStepStatementOfAcceptanceErrorHandling()[pri:0, instance:pmTechExAutomation.TestCases.AccountActivationRegression@5c530d1e] depends on not successfully finished methods
at org.testng.internal.TestInvoker.invokeTestMethods(TestInvoker.java:102)
at org.testng.internal.TestMethodWorker.invokeTestMethods(TestMethodWorker.java:146)
at org.testng.internal.TestMethodWorker.run(TestMethodWorker.java:128)
at java.base/java.util.ArrayList.forEach(ArrayList.java:1511)
at org.testng.TestRunner.privateRun(TestRunner.java:794)
at org.testng.TestRunner.run(TestRunner.java:596)
at org.testng.SuiteRunner.runTest(SuiteRunner.java:377)
at org.testng.SuiteRunner.runSequentially(SuiteRunner.java:371)
at org.testng.SuiteRunner.privateRun(SuiteRunner.java:332)
at org.testng.SuiteRunner.run(SuiteRunner.java:276)
at org.testng.SuiteRunnerWorker.runSuite(SuiteRunnerWorker.java:53)
at org.testng.SuiteRunnerWorker.run(SuiteRunnerWorker.java:96)
at org.testng.TestNG.runSuitesSequentially(TestNG.java:1212)
at org.testng.TestNG.runSuitesLocally(TestNG.java:1134)
at org.testng.TestNG.runSuites(TestNG.java:1063)
at org.testng.TestNG.run(TestNG.java:1031)
at org.apache.maven.surefire.testng.TestNGExecutor.run(TestNGExecutor.java:283)
at org.apache.maven.surefire.testng.TestNGXmlTestSuite.execute(TestNGXmlTestSuite.java:75)
at org.apache.maven.surefire.testng.TestNGProvider.invoke(TestNGProvider.java:120)
at org.apache.maven.surefire.booter.ForkedBooter.runSuitesInProcess(ForkedBooter.java:377)
at org.apache.maven.surefire.booter.ForkedBooter.execute(ForkedBooter.java:138)
at org.apache.maven.surefire.booter.ForkedBooter.run(ForkedBooter.java:465)
at org.apache.maven.surefire.booter.ForkedBooter.main(ForkedBooter.java:451)
]]>
            </full-stacktrace>
          </exception> <!-- java.lang.Throwable -->
          <reporter-output>
          </reporter-output>
        </test-method> <!-- verifyFourthStepStatementOfAcceptanceErrorHandling -->
        <test-method signature="verifyFourthStepSubmitStatementOfAcceptance()[pri:0, instance:pmTechExAutomation.TestCases.AccountActivationRegression@5c530d1e]" started-at="2023-09-07T16:14:34 PST" name="verifyFourthStepSubmitStatementOfAcceptance" finished-at="2023-09-07T16:14:34 PST" depends-on-methods="pmTechExAutomation.TestCases.AccountActivationRegression.verifyFourthStepStatementOfAcceptanceErrorHandling" duration-ms="0" status="SKIP">
          <exception class="java.lang.Throwable">
            <message>
              <![CDATA[Method AccountActivationRegression.verifyFourthStepSubmitStatementOfAcceptance()[pri:0, instance:pmTechExAutomation.TestCases.AccountActivationRegression@5c530d1e] depends on not successfully finished methods]]>
            </message>
            <full-stacktrace>
              <![CDATA[java.lang.Throwable: Method AccountActivationRegression.verifyFourthStepSubmitStatementOfAcceptance()[pri:0, instance:pmTechExAutomation.TestCases.AccountActivationRegression@5c530d1e] depends on not successfully finished methods
at org.testng.internal.TestInvoker.invokeTestMethods(TestInvoker.java:102)
at org.testng.internal.TestMethodWorker.invokeTestMethods(TestMethodWorker.java:146)
at org.testng.internal.TestMethodWorker.run(TestMethodWorker.java:128)
at java.base/java.util.ArrayList.forEach(ArrayList.java:1511)
at org.testng.TestRunner.privateRun(TestRunner.java:794)
at org.testng.TestRunner.run(TestRunner.java:596)
at org.testng.SuiteRunner.runTest(SuiteRunner.java:377)
at org.testng.SuiteRunner.runSequentially(SuiteRunner.java:371)
at org.testng.SuiteRunner.privateRun(SuiteRunner.java:332)
at org.testng.SuiteRunner.run(SuiteRunner.java:276)
at org.testng.SuiteRunnerWorker.runSuite(SuiteRunnerWorker.java:53)
at org.testng.SuiteRunnerWorker.run(SuiteRunnerWorker.java:96)
at org.testng.TestNG.runSuitesSequentially(TestNG.java:1212)
at org.testng.TestNG.runSuitesLocally(TestNG.java:1134)
at org.testng.TestNG.runSuites(TestNG.java:1063)
at org.testng.TestNG.run(TestNG.java:1031)
at org.apache.maven.surefire.testng.TestNGExecutor.run(TestNGExecutor.java:283)
at org.apache.maven.surefire.testng.TestNGXmlTestSuite.execute(TestNGXmlTestSuite.java:75)
at org.apache.maven.surefire.testng.TestNGProvider.invoke(TestNGProvider.java:120)
at org.apache.maven.surefire.booter.ForkedBooter.runSuitesInProcess(ForkedBooter.java:377)
at org.apache.maven.surefire.booter.ForkedBooter.execute(ForkedBooter.java:138)
at org.apache.maven.surefire.booter.ForkedBooter.run(ForkedBooter.java:465)
at org.apache.maven.surefire.booter.ForkedBooter.main(ForkedBooter.java:451)
]]>
            </full-stacktrace>
          </exception> <!-- java.lang.Throwable -->
          <reporter-output>
          </reporter-output>
        </test-method> <!-- verifyFourthStepSubmitStatementOfAcceptance -->
        <test-method is-config="true" signature="tearDown()[pri:0, instance:pmTechExAutomation.TestCases.AccountActivationRegression@5c530d1e]" started-at="2023-09-07T16:14:34 PST" name="tearDown" finished-at="2023-09-07T16:14:35 PST" duration-ms="456" status="PASS">
          <reporter-output>
          </reporter-output>
        </test-method> <!-- tearDown -->
      </class> <!-- pmTechExAutomation.TestCases.AccountActivationRegression -->
    </test> <!-- Account Activation - Individual Business Type -->
    <test started-at="2023-09-07T16:14:35 PST" name="Account Activation - Sole Proprietorship Business Type" finished-at="2023-09-07T16:17:51 PST" duration-ms="195702">
      <class name="pmTechExAutomation.TestCases.AccountActivationRegression">
        <test-method is-config="true" signature="setup(java.lang.String,java.lang.String,java.lang.String)[pri:0, instance:pmTechExAutomation.TestCases.AccountActivationRegression@56bca85b]" started-at="2023-09-07T16:14:35 PST" name="setup" finished-at="2023-09-07T16:14:41 PST" duration-ms="5972" status="PASS">
          <params>
            <param index="0">
              <value>
                <![CDATA[grizelybearyl+test10@gmail.com]]>
              </value>
            </param>
            <param index="1">
              <value>
                <![CDATA[test_P@ssw0rd!]]>
              </value>
            </param>
            <param index="2">
              <value>
                <![CDATA[Sole proprietorship]]>
              </value>
            </param>
          </params>
          <reporter-output>
          </reporter-output>
        </test-method> <!-- setup -->
        <test-method signature="verifyUserLogin()[pri:0, instance:pmTechExAutomation.TestCases.AccountActivationRegression@56bca85b]" started-at="2023-09-07T16:14:41 PST" name="verifyUserLogin" finished-at="2023-09-07T16:14:59 PST" duration-ms="17858" status="PASS">
          <reporter-output>
          </reporter-output>
        </test-method> <!-- verifyUserLogin -->
        <test-method signature="verifyAccountActivationFirstStep()[pri:0, instance:pmTechExAutomation.TestCases.AccountActivationRegression@56bca85b]" started-at="2023-09-07T16:14:59 PST" name="verifyAccountActivationFirstStep" finished-at="2023-09-07T16:15:49 PST" depends-on-methods="pmTechExAutomation.TestCases.AccountActivationRegression.verifyUserLogin" duration-ms="50416" status="PASS">
          <reporter-output>
          </reporter-output>
        </test-method> <!-- verifyAccountActivationFirstStep -->
        <test-method signature="verifyAccountActivationSecondStep()[pri:0, instance:pmTechExAutomation.TestCases.AccountActivationRegression@56bca85b]" started-at="2023-09-07T16:15:49 PST" name="verifyAccountActivationSecondStep" finished-at="2023-09-07T16:15:50 PST" depends-on-methods="pmTechExAutomation.TestCases.AccountActivationRegression.verifyAccountActivationFirstStep" duration-ms="1151" status="PASS">
          <reporter-output>
          </reporter-output>
        </test-method> <!-- verifyAccountActivationSecondStep -->
        <test-method signature="verifyAccountActivationSecondStepErrorHandling()[pri:0, instance:pmTechExAutomation.TestCases.AccountActivationRegression@56bca85b]" started-at="2023-09-07T16:15:50 PST" name="verifyAccountActivationSecondStepErrorHandling" finished-at="2023-09-07T16:16:01 PST" depends-on-methods="pmTechExAutomation.TestCases.AccountActivationRegression.verifyAccountActivationSecondStep" duration-ms="10420" status="PASS">
          <reporter-output>
          </reporter-output>
        </test-method> <!-- verifyAccountActivationSecondStepErrorHandling -->
        <test-method signature="verifyAccountActivationSecondStepSuccessfulSubmit()[pri:0, instance:pmTechExAutomation.TestCases.AccountActivationRegression@56bca85b]" started-at="2023-09-07T16:16:01 PST" name="verifyAccountActivationSecondStepSuccessfulSubmit" finished-at="2023-09-07T16:16:10 PST" depends-on-methods="pmTechExAutomation.TestCases.AccountActivationRegression.verifyAccountActivationSecondStepErrorHandling" duration-ms="9082" status="PASS">
          <reporter-output>
          </reporter-output>
        </test-method> <!-- verifyAccountActivationSecondStepSuccessfulSubmit -->
        <test-method signature="verifyAccountActivationThirdStepChooseBusinessType()[pri:0, instance:pmTechExAutomation.TestCases.AccountActivationRegression@56bca85b]" started-at="2023-09-07T16:16:10 PST" name="verifyAccountActivationThirdStepChooseBusinessType" finished-at="2023-09-07T16:16:12 PST" depends-on-methods="pmTechExAutomation.TestCases.AccountActivationRegression.verifyAccountActivationSecondStepSuccessfulSubmit" duration-ms="2158" status="PASS">
          <reporter-output>
          </reporter-output>
        </test-method> <!-- verifyAccountActivationThirdStepChooseBusinessType -->
        <test-method signature="verifyAccountActivationThirdStepBusinessFormInitialValues()[pri:0, instance:pmTechExAutomation.TestCases.AccountActivationRegression@56bca85b]" started-at="2023-09-07T16:16:12 PST" name="verifyAccountActivationThirdStepBusinessFormInitialValues" finished-at="2023-09-07T16:16:17 PST" depends-on-methods="pmTechExAutomation.TestCases.AccountActivationRegression.verifyAccountActivationThirdStepChooseBusinessType" duration-ms="4913" status="PASS">
          <reporter-output>
          </reporter-output>
        </test-method> <!-- verifyAccountActivationThirdStepBusinessFormInitialValues -->
        <test-method signature="verifyAccountActivationThirdStepBusinessFormErrorHandling()[pri:0, instance:pmTechExAutomation.TestCases.AccountActivationRegression@56bca85b]" started-at="2023-09-07T16:16:17 PST" name="verifyAccountActivationThirdStepBusinessFormErrorHandling" finished-at="2023-09-07T16:16:23 PST" depends-on-methods="pmTechExAutomation.TestCases.AccountActivationRegression.verifyAccountActivationThirdStepBusinessFormInitialValues" duration-ms="5918" status="PASS">
          <reporter-output>
          </reporter-output>
        </test-method> <!-- verifyAccountActivationThirdStepBusinessFormErrorHandling -->
        <test-method signature="verifyAccountActivationThirdStepSuccessfulSubmit()[pri:0, instance:pmTechExAutomation.TestCases.AccountActivationRegression@56bca85b]" started-at="2023-09-07T16:16:23 PST" name="verifyAccountActivationThirdStepSuccessfulSubmit" finished-at="2023-09-07T16:16:36 PST" depends-on-methods="pmTechExAutomation.TestCases.AccountActivationRegression.verifyAccountActivationThirdStepBusinessFormErrorHandling" duration-ms="13219" status="PASS">
          <reporter-output>
          </reporter-output>
        </test-method> <!-- verifyAccountActivationThirdStepSuccessfulSubmit -->
        <test-method signature="verifyFourthStepStatementOfAcceptanceLinks()[pri:0, instance:pmTechExAutomation.TestCases.AccountActivationRegression@56bca85b]" started-at="2023-09-07T16:16:36 PST" name="verifyFourthStepStatementOfAcceptanceLinks" finished-at="2023-09-07T16:17:37 PST" depends-on-methods="pmTechExAutomation.TestCases.AccountActivationRegression.verifyAccountActivationThirdStepSuccessfulSubmit" duration-ms="60636" status="PASS">
          <reporter-output>
          </reporter-output>
        </test-method> <!-- verifyFourthStepStatementOfAcceptanceLinks -->
        <test-method signature="verifyFourthStepStatementOfAcceptanceErrorHandling()[pri:0, instance:pmTechExAutomation.TestCases.AccountActivationRegression@56bca85b]" started-at="2023-09-07T16:17:37 PST" name="verifyFourthStepStatementOfAcceptanceErrorHandling" finished-at="2023-09-07T16:17:43 PST" depends-on-methods="pmTechExAutomation.TestCases.AccountActivationRegression.verifyFourthStepStatementOfAcceptanceLinks" duration-ms="5827" status="PASS">
          <reporter-output>
          </reporter-output>
        </test-method> <!-- verifyFourthStepStatementOfAcceptanceErrorHandling -->
        <test-method signature="verifyFourthStepSubmitStatementOfAcceptance()[pri:0, instance:pmTechExAutomation.TestCases.AccountActivationRegression@56bca85b]" started-at="2023-09-07T16:17:43 PST" name="verifyFourthStepSubmitStatementOfAcceptance" finished-at="2023-09-07T16:17:50 PST" depends-on-methods="pmTechExAutomation.TestCases.AccountActivationRegression.verifyFourthStepStatementOfAcceptanceErrorHandling" duration-ms="7127" status="PASS">
          <reporter-output>
          </reporter-output>
        </test-method> <!-- verifyFourthStepSubmitStatementOfAcceptance -->
        <test-method is-config="true" signature="tearDown()[pri:0, instance:pmTechExAutomation.TestCases.AccountActivationRegression@56bca85b]" started-at="2023-09-07T16:17:50 PST" name="tearDown" finished-at="2023-09-07T16:17:51 PST" duration-ms="959" status="PASS">
          <reporter-output>
          </reporter-output>
        </test-method> <!-- tearDown -->
      </class> <!-- pmTechExAutomation.TestCases.AccountActivationRegression -->
    </test> <!-- Account Activation - Sole Proprietorship Business Type -->
  </suite> <!-- PayMongo Technical Exam Suite -->
</testng-results>
