<?xml version="1.0" encoding="UTF-8"?>
<!-- Generated by org.testng.reporters.JUnitReportReporter -->
<testsuite hostname="adminisatorsmbp" failures="0" tests="24" name="pmTechExAutomation.TestCases.AccountActivationRegression" time="234.446" errors="1" timestamp="2023-09-07T16:17:51 PST" skipped="10">
  <testcase classname="pmTechExAutomation.TestCases.AccountActivationRegression" name="verifyAccountActivationThirdStepChooseBusinessType" time="2.158"/>
  <system-out/>
  <testcase classname="pmTechExAutomation.TestCases.AccountActivationRegression" name="verifyAccountActivationFirstStep" time="50.416"/>
  <system-out/>
  <testcase classname="pmTechExAutomation.TestCases.AccountActivationRegression" name="verifyAccountActivationSecondStep" time="1.151"/>
  <system-out/>
  <testcase classname="pmTechExAutomation.TestCases.AccountActivationRegression" name="verifyAccountActivationSecondStep" time="0.001">
    <skipped/>
  </testcase> <!-- verifyAccountActivationSecondStep -->
  <system-out/>
  <testcase classname="pmTechExAutomation.TestCases.AccountActivationRegression" name="verifyUserLogin" time="15.287"/>
  <system-out/>
  <testcase classname="pmTechExAutomation.TestCases.AccountActivationRegression" name="verifyAccountActivationThirdStepBusinessFormErrorHandling" time="5.918"/>
  <system-out/>
  <testcase classname="pmTechExAutomation.TestCases.AccountActivationRegression" name="verifyAccountActivationThirdStepSuccessfulSubmit" time="0.000">
    <skipped/>
  </testcase> <!-- verifyAccountActivationThirdStepSuccessfulSubmit -->
  <system-out/>
  <testcase classname="pmTechExAutomation.TestCases.AccountActivationRegression" name="verifyUserLogin" time="17.858"/>
  <system-out/>
  <testcase classname="pmTechExAutomation.TestCases.AccountActivationRegression" name="verifyFourthStepStatementOfAcceptanceLinks" time="60.636"/>
  <system-out/>
  <testcase classname="pmTechExAutomation.TestCases.AccountActivationRegression" name="verifyAccountActivationThirdStepChooseBusinessType" time="0.000">
    <skipped/>
  </testcase> <!-- verifyAccountActivationThirdStepChooseBusinessType -->
  <system-out/>
  <testcase classname="pmTechExAutomation.TestCases.AccountActivationRegression" name="verifyAccountActivationThirdStepBusinessFormInitialValues" time="0.000">
    <skipped/>
  </testcase> <!-- verifyAccountActivationThirdStepBusinessFormInitialValues -->
  <system-out/>
  <testcase classname="pmTechExAutomation.TestCases.AccountActivationRegression" name="verifyAccountActivationSecondStepErrorHandling" time="10.420"/>
  <system-out/>
  <testcase classname="pmTechExAutomation.TestCases.AccountActivationRegression" name="verifyFourthStepStatementOfAcceptanceLinks" time="0.000">
    <skipped/>
  </testcase> <!-- verifyFourthStepStatementOfAcceptanceLinks -->
  <system-out/>
  <testcase classname="pmTechExAutomation.TestCases.AccountActivationRegression" name="verifyFourthStepStatementOfAcceptanceErrorHandling" time="0.000">
    <skipped/>
  </testcase> <!-- verifyFourthStepStatementOfAcceptanceErrorHandling -->
  <system-out/>
  <testcase classname="pmTechExAutomation.TestCases.AccountActivationRegression" name="verifyFourthStepStatementOfAcceptanceErrorHandling" time="5.827"/>
  <system-out/>
  <testcase classname="pmTechExAutomation.TestCases.AccountActivationRegression" name="verifyFourthStepSubmitStatementOfAcceptance" time="7.127"/>
  <system-out/>
  <testcase classname="pmTechExAutomation.TestCases.AccountActivationRegression" name="verifyAccountActivationSecondStepSuccessfulSubmit" time="0.000">
    <skipped/>
  </testcase> <!-- verifyAccountActivationSecondStepSuccessfulSubmit -->
  <system-out/>
  <testcase classname="pmTechExAutomation.TestCases.AccountActivationRegression" name="verifyAccountActivationThirdStepBusinessFormErrorHandling" time="0.000">
    <skipped/>
  </testcase> <!-- verifyAccountActivationThirdStepBusinessFormErrorHandling -->
  <system-out/>
  <testcase classname="pmTechExAutomation.TestCases.AccountActivationRegression" name="verifyFourthStepSubmitStatementOfAcceptance" time="0.000">
    <skipped/>
  </testcase> <!-- verifyFourthStepSubmitStatementOfAcceptance -->
  <system-out/>
  <testcase classname="pmTechExAutomation.TestCases.AccountActivationRegression" name="verifyAccountActivationSecondStepSuccessfulSubmit" time="9.082"/>
  <system-out/>
  <testcase classname="pmTechExAutomation.TestCases.AccountActivationRegression" name="verifyAccountActivationThirdStepBusinessFormInitialValues" time="4.913"/>
  <system-out/>
  <testcase classname="pmTechExAutomation.TestCases.AccountActivationRegression" name="verifyAccountActivationSecondStepErrorHandling" time="0.000">
    <skipped/>
  </testcase> <!-- verifyAccountActivationSecondStepErrorHandling -->
  <system-out/>
  <testcase classname="pmTechExAutomation.TestCases.AccountActivationRegression" name="verifyAccountActivationFirstStep" time="30.433">
    <error message="Expected condition failed: waiting for condition (presence of element located by: By.xpath: //div[@class=&#039;kyc-form&#039;]//div[text()=&#039;Welcome to PayMongo!&#039;]) to be refreshed (tried for 30 second(s) with 500 milliseconds interval)" type="org.openqa.selenium.TimeoutException">
      <![CDATA[org.openqa.selenium.TimeoutException: Expected condition failed: waiting for condition (presence of element located by: By.xpath: //div[@class='kyc-form']//div[text()='Welcome to PayMongo!']) to be refreshed (tried for 30 second(s) with 500 milliseconds interval)
at org.openqa.selenium.support.ui.WebDriverWait.timeoutException(WebDriverWait.java:87)
at org.openqa.selenium.support.ui.FluentWait.until(FluentWait.java:231)
at pmTechExAutomation.Methods.MethodsLibrary.waitUntilElementVisible(MethodsLibrary.java:97)
at pmTechExAutomation.TestCases.AccountActivationRegression.verifyAccountActivationFirstStep(AccountActivationRegression.java:80)
at java.base/jdk.internal.reflect.NativeMethodAccessorImpl.invoke0(Native Method)
at java.base/jdk.internal.reflect.NativeMethodAccessorImpl.invoke(NativeMethodAccessorImpl.java:77)
at java.base/jdk.internal.reflect.DelegatingMethodAccessorImpl.invoke(DelegatingMethodAccessorImpl.java:43)
at java.base/java.lang.reflect.Method.invoke(Method.java:568)
at org.testng.internal.MethodInvocationHelper.invokeMethod(MethodInvocationHelper.java:133)
at org.testng.internal.TestInvoker.invokeMethod(TestInvoker.java:598)
at org.testng.internal.TestInvoker.invokeTestMethod(TestInvoker.java:173)
at org.testng.internal.MethodRunner.runInSequence(MethodRunner.java:46)
at org.testng.internal.TestInvoker$MethodInvocationAgent.invoke(TestInvoker.java:824)
at org.testng.internal.TestInvoker.invokeTestMethods(TestInvoker.java:146)
at org.testng.internal.TestMethodWorker.invokeTestMethods(TestMethodWorker.java:146)
at org.testng.internal.TestMethodWorker.run(TestMethodWorker.java:128)
at java.base/java.util.ArrayList.forEach(ArrayList.java:1511)
at org.testng.TestRunner.privateRun(TestRunner.java:794)
at org.testng.TestRunner.run(TestRunner.java:596)
at org.testng.SuiteRunner.runTest(SuiteRunner.java:377)
at org.testng.SuiteRunner.runSequentially(SuiteRunner.java:371)
at org.testng.SuiteRunner.privateRun(SuiteRunner.java:332)
at org.testng.SuiteRunner.run(SuiteRunner.java:276)
at org.testng.SuiteRunnerWorker.runSuite(SuiteRunnerWorker.java:53)
at org.testng.SuiteRunnerWorker.run(SuiteRunnerWorker.java:96)
at org.testng.TestNG.runSuitesSequentially(TestNG.java:1212)
at org.testng.TestNG.runSuitesLocally(TestNG.java:1134)
at org.testng.TestNG.runSuites(TestNG.java:1063)
at org.testng.TestNG.run(TestNG.java:1031)
at org.apache.maven.surefire.testng.TestNGExecutor.run(TestNGExecutor.java:283)
at org.apache.maven.surefire.testng.TestNGXmlTestSuite.execute(TestNGXmlTestSuite.java:75)
at org.apache.maven.surefire.testng.TestNGProvider.invoke(TestNGProvider.java:120)
at org.apache.maven.surefire.booter.ForkedBooter.runSuitesInProcess(ForkedBooter.java:377)
at org.apache.maven.surefire.booter.ForkedBooter.execute(ForkedBooter.java:138)
at org.apache.maven.surefire.booter.ForkedBooter.run(ForkedBooter.java:465)
at org.apache.maven.surefire.booter.ForkedBooter.main(ForkedBooter.java:451)
Caused by: org.openqa.selenium.NoSuchElementException: no such element: Unable to locate element: {"method":"xpath","selector":"//div[@class='kyc-form']//div[text()='Welcome to PayMongo!']"}
  (Session info: chrome=116.0.5845.140)
For documentation on this error, please visit: https://selenium.dev/exceptions/#no_such_element
Build info: version: '4.9.0', revision: 'd7057100a6'
System info: os.name: 'Mac OS X', os.arch: 'x86_64', os.version: '12.4', java.version: '17.0.3.1'
Driver info: org.openqa.selenium.chrome.ChromeDriver
Command: [38de69e8638acdb0ad47330e89461215, findElement {using=xpath, value=//div[@class='kyc-form']//div[text()='Welcome to PayMongo!']}]
Capabilities {acceptInsecureCerts: false, browserName: chrome, browserVersion: 116.0.5845.140, chrome: {chromedriverVersion: 116.0.5845.96 (1a3918166880..., userDataDir: /var/folders/8f/wxgc9x1906q...}, fedcm:accounts: true, goog:chromeOptions: {debuggerAddress: localhost:60043}, networkConnectionEnabled: false, pageLoadStrategy: normal, platformName: MAC, proxy: Proxy(), se:cdp: ws://localhost:60043/devtoo..., se:cdpVersion: 116.0.5845.140, setWindowRect: true, strictFileInteractability: false, timeouts: {implicit: 0, pageLoad: 300000, script: 30000}, unhandledPromptBehavior: dismiss and notify, webauthn:extension:credBlob: true, webauthn:extension:largeBlob: true, webauthn:extension:minPinLength: true, webauthn:extension:prf: true, webauthn:virtualAuthenticators: true}
Session ID: 38de69e8638acdb0ad47330e89461215
at jdk.internal.reflect.GeneratedConstructorAccessor9.newInstance(Unknown Source)
at java.base/jdk.internal.reflect.DelegatingConstructorAccessorImpl.newInstance(DelegatingConstructorAccessorImpl.java:45)
at java.base/java.lang.reflect.Constructor.newInstanceWithCaller(Constructor.java:499)
at java.base/java.lang.reflect.Constructor.newInstance(Constructor.java:480)
at org.openqa.selenium.remote.codec.w3c.W3CHttpResponseCodec.createException(W3CHttpResponseCodec.java:200)
at org.openqa.selenium.remote.codec.w3c.W3CHttpResponseCodec.decode(W3CHttpResponseCodec.java:133)
at org.openqa.selenium.remote.codec.w3c.W3CHttpResponseCodec.decode(W3CHttpResponseCodec.java:53)
at org.openqa.selenium.remote.HttpCommandExecutor.execute(HttpCommandExecutor.java:193)
at org.openqa.selenium.remote.service.DriverCommandExecutor.invokeExecute(DriverCommandExecutor.java:183)
at org.openqa.selenium.remote.service.DriverCommandExecutor.execute(DriverCommandExecutor.java:158)
at org.openqa.selenium.remote.RemoteWebDriver.execute(RemoteWebDriver.java:543)
at org.openqa.selenium.remote.ElementLocation$ElementFinder$2.findElement(ElementLocation.java:162)
at org.openqa.selenium.remote.ElementLocation.findElement(ElementLocation.java:60)
at org.openqa.selenium.remote.RemoteWebDriver.findElement(RemoteWebDriver.java:352)
at org.openqa.selenium.remote.RemoteWebDriver.findElement(RemoteWebDriver.java:344)
at org.openqa.selenium.support.ui.ExpectedConditions$6.apply(ExpectedConditions.java:174)
at org.openqa.selenium.support.ui.ExpectedConditions$6.apply(ExpectedConditions.java:171)
at org.openqa.selenium.support.ui.ExpectedConditions$25.apply(ExpectedConditions.java:721)
at org.openqa.selenium.support.ui.ExpectedConditions$25.apply(ExpectedConditions.java:717)
at org.openqa.selenium.support.ui.FluentWait.until(FluentWait.java:208)
... 34 more
]]>
    </error>
  </testcase> <!-- verifyAccountActivationFirstStep -->
  <system-out/>
  <testcase classname="pmTechExAutomation.TestCases.AccountActivationRegression" name="verifyAccountActivationThirdStepSuccessfulSubmit" time="13.219"/>
  <system-out/>
</testsuite> <!-- pmTechExAutomation.TestCases.AccountActivationRegression -->
